
/home/runner/work/exp-georeferencing-of-toposheet-nitk/exp-georeferencing-of-toposheet-nitk/experiment/simulation/js/remote.js
    1:1    warning  '$' is not defined                                   no-undef
   12:5    warning  '$' is not defined                                   no-undef
   13:50   warning  '$' is not defined                                   no-undef
   13:89   warning  '$' is not defined                                   no-undef
   15:5    warning  '$' is not defined                                   no-undef
   16:30   warning  '$' is not defined                                   no-undef
   16:69   warning  '$' is not defined                                   no-undef
   20:5    warning  '$' is not defined                                   no-undef
   21:25   warning  '$' is not defined                                   no-undef
   23:7    warning  '$' is not defined                                   no-undef
   23:57   warning  '$' is not defined                                   no-undef
   23:86   warning  '$' is not defined                                   no-undef
   29:5    warning  '$' is not defined                                   no-undef
   32:25   warning  '$' is not defined                                   no-undef
   33:21   warning  '$' is not defined                                   no-undef
   57:7    warning  '$' is not defined                                   no-undef
   60:25   warning  '$' is not defined                                   no-undef
   61:21   warning  '$' is not defined                                   no-undef
   87:5    warning  '$' is not defined                                   no-undef
   94:7    warning  '$' is not defined                                   no-undef
   95:22   warning  '$' is not defined                                   no-undef
   96:21   warning  '$' is not defined                                   no-undef
   97:7    warning  '$' is not defined                                   no-undef
  100:26   warning  '$' is not defined                                   no-undef
  100:62   warning  '$' is not defined                                   no-undef
  101:25   warning  '$' is not defined                                   no-undef
  101:60   warning  '$' is not defined                                   no-undef
  107:11   warning  '$' is not defined                                   no-undef
  109:29   warning  '$' is not defined                                   no-undef
  110:28   warning  '$' is not defined                                   no-undef
  113:28   warning  '$' is not defined                                   no-undef
  113:49   warning  '$' is not defined                                   no-undef
  115:27   warning  '$' is not defined                                   no-undef
  115:49   warning  '$' is not defined                                   no-undef
  120:28   warning  '$' is not defined                                   no-undef
  122:27   warning  '$' is not defined                                   no-undef
  125:9    warning  '$' is not defined                                   no-undef
  130:5    warning  '$' is not defined                                   no-undef
  131:11   warning  '$' is not defined                                   no-undef
  132:13   warning  '$' is not defined                                   no-undef
  133:21   warning  '$' is not defined                                   no-undef
  136:11   warning  '$' is not defined                                   no-undef
  141:15   warning  '$' is not defined                                   no-undef
  141:60   warning  '$' is not defined                                   no-undef
  142:15   warning  '$' is not defined                                   no-undef
  142:60   warning  '$' is not defined                                   no-undef
  143:15   warning  '$' is not defined                                   no-undef
  143:58   warning  '$' is not defined                                   no-undef
  144:15   warning  '$' is not defined                                   no-undef
  144:58   warning  '$' is not defined                                   no-undef
  157:26   warning  '$' is not defined                                   no-undef
  158:11   warning  '$' is not defined                                   no-undef
  159:25   warning  '$' is not defined                                   no-undef
  160:26   warning  '$' is not defined                                   no-undef
  166:5    warning  '$' is not defined                                   no-undef
  168:13   warning  '$' is not defined                                   no-undef
  169:14   warning  '$' is not defined                                   no-undef
  170:21   warning  '$' is not defined                                   no-undef
  171:26   warning  '$' is not defined                                   no-undef
  173:15   warning  '$' is not defined                                   no-undef
  173:40   warning  '$' is not defined                                   no-undef
  175:34   warning  '$' is not defined                                   no-undef
  175:54   warning  '$' is not defined                                   no-undef
  175:77   warning  '$' is not defined                                   no-undef
  175:106  warning  '$' is not defined                                   no-undef
  175:128  warning  '$' is not defined                                   no-undef
  175:158  warning  '$' is not defined                                   no-undef
  176:27   warning  '$' is not defined                                   no-undef
  176:45   warning  '$' is not defined                                   no-undef
  176:73   warning  '$' is not defined                                   no-undef
  177:27   warning  '$' is not defined                                   no-undef
  177:46   warning  '$' is not defined                                   no-undef
  177:73   warning  '$' is not defined                                   no-undef
  178:13   warning  '$' is not defined                                   no-undef
  178:38   warning  '$' is not defined                                   no-undef
  178:82   warning  '$' is not defined                                   no-undef
  179:13   warning  '$' is not defined                                   no-undef
  179:33   warning  '$' is not defined                                   no-undef
  179:72   warning  '$' is not defined                                   no-undef
  181:13   warning  '$' is not defined                                   no-undef
  182:23   warning  '$' is not defined                                   no-undef
  182:54   warning  '$' is not defined                                   no-undef
  183:22   warning  '$' is not defined                                   no-undef
  183:52   warning  '$' is not defined                                   no-undef
  187:33   warning  '$' is not defined                                   no-undef
  187:68   warning  '$' is not defined                                   no-undef
  188:32   warning  '$' is not defined                                   no-undef
  188:68   warning  '$' is not defined                                   no-undef
  189:52   warning  '$' is not defined                                   no-undef
  190:50   warning  '$' is not defined                                   no-undef
  191:13   warning  '$' is not defined                                   no-undef
  192:13   warning  '$' is not defined                                   no-undef
  195:11   warning  '$' is not defined                                   no-undef
  196:17   warning  '$' is not defined                                   no-undef
  197:9    warning  '$' is not defined                                   no-undef
  198:9    warning  '$' is not defined                                   no-undef
  270:12   warning  'showPopup' is defined but never used                no-unused-vars
  279:12   warning  'closeModal' is defined but never used               no-unused-vars
  287:12   warning  'goToMainPage' is defined but never used             no-unused-vars
  307:9    warning  'downloadData' is not defined                        no-undef
  312:12   warning  'showInfo' is defined but never used                 no-unused-vars
  336:12   warning  'hideInfo' is defined but never used                 no-unused-vars
  395:10   warning  'lockAction1' is defined but never used              no-unused-vars
  403:10   warning  'lockAction2' is defined but never used              no-unused-vars
  412:10   warning  'showSelectPoint' is defined but never used          no-unused-vars
  423:10   warning  'showCoord' is defined but never used                no-unused-vars
  426:21   warning  '$' is not defined                                   no-undef
  427:3    warning  '$' is not defined                                   no-undef
  427:53   warning  '$' is not defined                                   no-undef
  427:82   warning  '$' is not defined                                   no-undef
  443:10   warning  'dataCheckX' is defined but never used               no-unused-vars
  453:10   warning  'dataCheckY' is defined but never used               no-unused-vars
  464:10   warning  'addPoints' is defined but never used                no-unused-vars
  465:7    warning  'pt' is assigned a value but never used              no-unused-vars
  472:23   warning  '$' is not defined                                   no-undef
  473:5    warning  '$' is not defined                                   no-undef
  473:55   warning  '$' is not defined                                   no-undef
  473:84   warning  '$' is not defined                                   no-undef
  514:10   warning  'clearFields' is defined but never used              no-unused-vars
  544:7    warning  'tableData' is assigned a value but never used       no-unused-vars
  560:5    warning  'myImg' is assigned a value but never used           no-unused-vars
  563:10   warning  'showInitialCoordinates' is defined but never used   no-unused-vars
  604:10   warning  'hideTooltip' is defined but never used              no-unused-vars
  634:21   warning  '$' is not defined                                   no-undef
  635:3    warning  '$' is not defined                                   no-undef
  635:53   warning  '$' is not defined                                   no-undef
  635:82   warning  '$' is not defined                                   no-undef
  641:10   warning  'generalInstructions' is defined but never used      no-unused-vars
  651:10   warning  'hideGeneralInstructions' is defined but never used  no-unused-vars

✖ 129 problems (0 errors, 129 warnings)

